<?xml version="1.0" encoding="UTF-8"?>
<testsuite xmlns:xsi="http://www.w3.org/2001/XMLSchema-instance" xsi:noNamespaceSchemaLocation="https://maven.apache.org/surefire/maven-surefire-plugin/xsd/surefire-test-report.xsd" name="org.example.AppTest" time="37.022" tests="1" errors="1" skipped="0" failures="0">
  <properties>
[...]
</properties>
  <testcase name="shouldAnswerWithTrue" classname="org.example.AppTest" time="36.95">
    <error message="An element could not be located on the page using the given search parameters.&#10;For documentation on this error, please visit: https://www.seleniumhq.org/exceptions/no_such_element.html&#10;Build info: version: &apos;3.141.59&apos;, revision: &apos;e82be7d358&apos;, time: &apos;2018-11-14T08:17:03&apos;&#10;System info: host: &apos;DESKTOP-7455GIJ&apos;, ip: &apos;192.168.1.8&apos;, os.name: &apos;Windows 10&apos;, os.arch: &apos;amd64&apos;, os.version: &apos;10.0&apos;, java.version: &apos;1.8.0_261&apos;&#10;Driver info: io.appium.java_client.AppiumDriver&#10;Capabilities {app: C:\Users\nghia\Desktop\Calc..., appPackage: com.google.android.calculator, databaseEnabled: false, desired: {app: C:\Users\nghia\Desktop\Calc..., deviceName: H3AKGV920069PWZ, platformName: android, platformVersion: 6.0.1}, deviceApiLevel: 23, deviceManufacturer: asus, deviceModel: ASUS_A007, deviceName: H3AKGV920069PWZ, deviceScreenDensity: 320, deviceScreenSize: 720x1280, deviceUDID: H3AKGV920069PWZ, javascriptEnabled: true, locationContextEnabled: false, networkConnectionEnabled: true, pixelRatio: 2, platform: LINUX, platformName: Android, platformVersion: 6.0.1, statBarHeight: 48, takesScreenshot: true, viewportRect: {height: 1232, left: 0, top: 48, width: 720}, warnings: {}, webStorageEnabled: false}&#10;Session ID: d0217496-0f33-47f5-896a-bea599e4cc8a&#10;*** Element info: {Using=id, value=com.google.android.calculator:id/op_mul }" type="org.openqa.selenium.NoSuchElementException">org.openqa.selenium.NoSuchElementException: 
An element could not be located on the page using the given search parameters.
For documentation on this error, please visit: https://www.seleniumhq.org/exceptions/no_such_element.html
Build info: version: '3.141.59', revision: 'e82be7d358', time: '2018-11-14T08:17:03'
System info: host: 'DESKTOP-7455GIJ', ip: '192.168.1.8', os.name: 'Windows 10', os.arch: 'amd64', os.version: '10.0', java.version: '1.8.0_261'
Driver info: io.appium.java_client.AppiumDriver
Capabilities {app: C:\Users\nghia\Desktop\Calc..., appPackage: com.google.android.calculator, databaseEnabled: false, desired: {app: C:\Users\nghia\Desktop\Calc..., deviceName: H3AKGV920069PWZ, platformName: android, platformVersion: 6.0.1}, deviceApiLevel: 23, deviceManufacturer: asus, deviceModel: ASUS_A007, deviceName: H3AKGV920069PWZ, deviceScreenDensity: 320, deviceScreenSize: 720x1280, deviceUDID: H3AKGV920069PWZ, javascriptEnabled: true, locationContextEnabled: false, networkConnectionEnabled: true, pixelRatio: 2, platform: LINUX, platformName: Android, platformVersion: 6.0.1, statBarHeight: 48, takesScreenshot: true, viewportRect: {height: 1232, left: 0, top: 48, width: 720}, warnings: {}, webStorageEnabled: false}
Session ID: d0217496-0f33-47f5-896a-bea599e4cc8a
*** Element info: {Using=id, value=com.google.android.calculator:id/op_mul }
	at org.example.AppTest.shouldAnswerWithTrue(AppTest.java:53)
</error>
    <system-err><![CDATA[Jan 02, 2021 10:29:04 AM io.appium.java_client.remote.AppiumCommandExecutor$1 lambda$0
INFO: Detected dialect: W3C
]]></system-err>
  </testcase>
</testsuite>