<?xml version="1.0" encoding="UTF-8" ?>
<testsuite tests="2" failures="0" name="runner.RunCucumberTest" time="100.492" errors="0" skipped="0">
  <properties>
[...]
</properties>
  <testcase classname="Search destination on HomePage Booking.com" name="User can search the destination when input text on destination search field #1" time="51.327"/>
  <testcase classname="Search destination on HomePage Booking.com" name="User can search the destination when input text on destination search field #2" time="49.165"/>
</testsuite>